android-app/app/build/intermediates/manifest_merge_blame_file/release/processReleaseMainManifest/manifest-merger-blame-release-report.txt
1<?xml version="1.0" encoding="utf-8"?>
2<!--
3    Copyright 2019 Google Inc. All Rights Reserved.
4
5     Licensed under the Apache License, Version 2.0 (the "License");
6     you may not use this file except in compliance with the License.
7     You may obtain a copy of the License at
8
9         http://www.apache.org/licenses/LICENSE-2.0
10
11     Unless required by applicable law or agreed to in writing, software
12     distributed under the License is distributed on an "AS IS" BASIS,
13     WITHOUT WARRANTIES OR CONDITIONS OF ANY KIND, either express or implied.
14     See the License for the specific language governing permissions and
15     limitations under the License.
16-->
17<!--
18 The "package" attribute is rewritten by the Gradle build with the value of applicationId.
19     It is still required here, as it is used to derive paths, for instance when referring
20     to an Activity by ".MyActivity" instead of the full name. If more Activities are added to the
21     application, the package attribute will need to reflect the correct path in order to use
22     the abbreviated format.
23-->
24<manifest xmlns:android="http://schemas.android.com/apk/res/android"
25    package="com.velo.app"
26    android:versionCode="1"
27    android:versionName="1.0.0" >
28
29    <uses-sdk
30        android:minSdkVersion="21"
31        android:targetSdkVersion="35" />
32
33    <uses-permission android:name="android.permission.ACCESS_FINE_LOCATION" />
33-->[com.google.androidbrowserhelper:locationdelegation:1.1.2] AndroidManifest.xml:7:5-79
33-->[com.google.androidbrowserhelper:locationdelegation:1.1.2] AndroidManifest.xml:7:22-76
34    <uses-permission android:name="android.permission.ACCESS_COARSE_LOCATION" />
34-->[com.google.androidbrowserhelper:locationdelegation:1.1.2] AndroidManifest.xml:8:5-81
34-->[com.google.androidbrowserhelper:locationdelegation:1.1.2] AndroidManifest.xml:8:22-78
35
36    <queries>
36-->[com.google.androidbrowserhelper:androidbrowserhelper:2.6.2] AndroidManifest.xml:22:5-30:15
37        <intent>
37-->[com.google.androidbrowserhelper:androidbrowserhelper:2.6.2] AndroidManifest.xml:23:9-29:18
38            <action android:name="android.intent.action.VIEW" />
38-->src\main\AndroidManifest.xml:146:17-68
38-->src\main\AndroidManifest.xml:146:25-66
39
40            <category android:name="android.intent.category.BROWSABLE" />
40-->src\main\AndroidManifest.xml:148:17-77
40-->src\main\AndroidManifest.xml:148:27-75
41
42            <data android:scheme="https" />
42-->src\main\AndroidManifest.xml:149:17-152:19
42-->src\main\AndroidManifest.xml:149:23-45
43        </intent>
44    </queries>
45
46    <permission
46-->[androidx.core:core:1.13.0] AndroidManifest.xml:22:5-24:47
47        android:name="com.velo.app.DYNAMIC_RECEIVER_NOT_EXPORTED_PERMISSION"
47-->[androidx.core:core:1.13.0] AndroidManifest.xml:23:9-81
48        android:protectionLevel="signature" />
48-->[androidx.core:core:1.13.0] AndroidManifest.xml:24:9-44
49
50    <uses-permission android:name="com.velo.app.DYNAMIC_RECEIVER_NOT_EXPORTED_PERMISSION" />
50-->[androidx.core:core:1.13.0] AndroidManifest.xml:26:5-97
50-->[androidx.core:core:1.13.0] AndroidManifest.xml:26:22-94
51
52    <application
52-->src\main\AndroidManifest.xml:33:5-194:19
53        android:name="com.velo.app.Application"
53-->src\main\AndroidManifest.xml:34:9-35
54        android:allowBackup="true"
54-->src\main\AndroidManifest.xml:35:9-35
55        android:appComponentFactory="androidx.core.app.CoreComponentFactory"
55-->[androidx.core:core:1.13.0] AndroidManifest.xml:28:18-86
56        android:extractNativeLibs="true"
57        android:icon="@mipmap/ic_launcher"
57-->src\main\AndroidManifest.xml:36:9-43
58        android:label="@string/appName"
58-->src\main\AndroidManifest.xml:37:9-40
59        android:manageSpaceActivity="com.google.androidbrowserhelper.trusted.ManageDataLauncherActivity"
59-->src\main\AndroidManifest.xml:39:9-105
60        android:supportsRtl="true"
60-->src\main\AndroidManifest.xml:41:9-35
61        android:theme="@android:style/Theme.Translucent.NoTitleBar" >
61-->src\main\AndroidManifest.xml:42:9-68
62        <meta-data
62-->src\main\AndroidManifest.xml:44:9-46:58
63            android:name="asset_statements"
63-->src\main\AndroidManifest.xml:45:13-44
64            android:resource="@string/assetStatements" />
64-->src\main\AndroidManifest.xml:46:13-55
65        <meta-data
65-->src\main\AndroidManifest.xml:49:13-51:58
66            android:name="web_manifest_url"
66-->src\main\AndroidManifest.xml:50:17-48
67            android:value="@string/webManifestUrl" />
67-->src\main\AndroidManifest.xml:51:17-55
68        <meta-data
68-->src\main\AndroidManifest.xml:54:9-56:52
69            android:name="twa_generator"
69-->src\main\AndroidManifest.xml:55:13-41
70            android:value="@string/generatorApp" />
70-->src\main\AndroidManifest.xml:56:13-49
71
72        <activity
72-->src\main\AndroidManifest.xml:63:13-74:24
73            android:name="com.google.androidbrowserhelper.trusted.ManageDataLauncherActivity"
73-->src\main\AndroidManifest.xml:63:23-104
74            android:enabled="true"
74-->src\main\AndroidManifest.xml:65:17-39
75            android:excludeFromRecents="true"
75-->src\main\AndroidManifest.xml:66:17-50
76            android:exported="false" >
76-->src\main\AndroidManifest.xml:64:17-41
77            <meta-data
77-->src\main\AndroidManifest.xml:67:17-69:57
78                android:name="android.support.customtabs.trusted.MANAGE_SPACE_URL"
78-->src\main\AndroidManifest.xml:68:21-87
79                android:value="@string/launchUrl" />
79-->src\main\AndroidManifest.xml:69:21-54
80
81            <intent-filter>
81-->src\main\AndroidManifest.xml:70:17-73:33
82                <action android:name="android.intent.action.APPLICATION_PREFERENCES" />
82-->src\main\AndroidManifest.xml:71:21-92
82-->src\main\AndroidManifest.xml:71:29-89
83
84                <category android:name="android.intent.category.DEFAULT" />
84-->src\main\AndroidManifest.xml:72:21-80
84-->src\main\AndroidManifest.xml:72:31-77
85            </intent-filter>
86        </activity>
87        <activity
87-->src\main\AndroidManifest.xml:77:9-158:20
88            android:name="com.velo.app.LauncherActivity"
88-->src\main\AndroidManifest.xml:77:19-50
89            android:alwaysRetainTaskState="true"
89-->src\main\AndroidManifest.xml:78:13-49
90            android:exported="true"
90-->src\main\AndroidManifest.xml:80:13-36
91            android:label="@string/launcherName" >
91-->src\main\AndroidManifest.xml:79:13-49
92            <meta-data
92-->src\main\AndroidManifest.xml:81:13-82:53
93                android:name="android.support.customtabs.trusted.DEFAULT_URL"
93-->src\main\AndroidManifest.xml:81:24-85
94                android:value="@string/launchUrl" />
94-->src\main\AndroidManifest.xml:82:17-50
95            <meta-data
95-->src\main\AndroidManifest.xml:84:13-86:58
96                android:name="android.support.customtabs.trusted.STATUS_BAR_COLOR"
96-->src\main\AndroidManifest.xml:85:17-83
97                android:resource="@color/colorPrimary" />
97-->src\main\AndroidManifest.xml:86:17-55
98            <meta-data
98-->src\main\AndroidManifest.xml:90:13-92:62
99                android:name="android.support.customtabs.trusted.STATUS_BAR_COLOR_DARK"
99-->src\main\AndroidManifest.xml:91:17-88
100                android:resource="@color/colorPrimaryDark" />
100-->src\main\AndroidManifest.xml:92:17-59
101            <meta-data
101-->src\main\AndroidManifest.xml:94:13-96:61
102                android:name="android.support.customtabs.trusted.NAVIGATION_BAR_COLOR"
102-->src\main\AndroidManifest.xml:95:17-87
103                android:resource="@color/navigationColor" />
103-->src\main\AndroidManifest.xml:96:17-58
104            <meta-data
104-->src\main\AndroidManifest.xml:98:13-100:65
105                android:name="android.support.customtabs.trusted.NAVIGATION_BAR_COLOR_DARK"
105-->src\main\AndroidManifest.xml:99:17-92
106                android:resource="@color/navigationColorDark" />
106-->src\main\AndroidManifest.xml:100:17-62
107            <meta-data
107-->src\main\AndroidManifest.xml:102:13-104:68
108                android:name="androix.browser.trusted.NAVIGATION_BAR_DIVIDER_COLOR"
108-->src\main\AndroidManifest.xml:103:17-84
109                android:resource="@color/navigationDividerColor" />
109-->src\main\AndroidManifest.xml:104:17-65
110            <meta-data
110-->src\main\AndroidManifest.xml:106:13-108:72
111                android:name="androix.browser.trusted.NAVIGATION_BAR_DIVIDER_COLOR_DARK"
111-->src\main\AndroidManifest.xml:107:17-89
112                android:resource="@color/navigationDividerColorDark" />
112-->src\main\AndroidManifest.xml:108:17-69
113            <meta-data
113-->src\main\AndroidManifest.xml:110:13-111:54
114                android:name="android.support.customtabs.trusted.SPLASH_IMAGE_DRAWABLE"
114-->src\main\AndroidManifest.xml:110:24-95
115                android:resource="@drawable/splash" />
115-->src\main\AndroidManifest.xml:111:17-52
116            <meta-data
116-->src\main\AndroidManifest.xml:113:13-114:60
117                android:name="android.support.customtabs.trusted.SPLASH_SCREEN_BACKGROUND_COLOR"
117-->src\main\AndroidManifest.xml:113:24-104
118                android:resource="@color/backgroundColor" />
118-->src\main\AndroidManifest.xml:114:17-58
119            <meta-data
119-->src\main\AndroidManifest.xml:116:13-117:71
120                android:name="android.support.customtabs.trusted.SPLASH_SCREEN_FADE_OUT_DURATION"
120-->src\main\AndroidManifest.xml:116:24-105
121                android:value="@integer/splashScreenFadeOutDuration" />
121-->src\main\AndroidManifest.xml:117:17-69
122            <meta-data
122-->src\main\AndroidManifest.xml:119:13-120:60
123                android:name="android.support.customtabs.trusted.FILE_PROVIDER_AUTHORITY"
123-->src\main\AndroidManifest.xml:119:24-97
124                android:value="@string/providerAuthority" />
124-->src\main\AndroidManifest.xml:120:17-58
125            <meta-data
125-->src\main\AndroidManifest.xml:122:13-97
126                android:name="android.app.shortcuts"
126-->src\main\AndroidManifest.xml:122:24-60
127                android:resource="@xml/shortcuts" />
127-->src\main\AndroidManifest.xml:122:61-94
128            <meta-data
128-->src\main\AndroidManifest.xml:124:13-125:56
129                android:name="android.support.customtabs.trusted.FALLBACK_STRATEGY"
129-->src\main\AndroidManifest.xml:124:24-91
130                android:value="@string/fallbackType" />
130-->src\main\AndroidManifest.xml:125:17-53
131            <meta-data
131-->src\main\AndroidManifest.xml:131:13-132:54
132                android:name="android.support.customtabs.trusted.SCREEN_ORIENTATION"
132-->src\main\AndroidManifest.xml:131:24-92
133                android:value="@string/orientation" />
133-->src\main\AndroidManifest.xml:132:17-52
134
135            <intent-filter>
135-->src\main\AndroidManifest.xml:140:13-143:29
136                <action android:name="android.intent.action.MAIN" />
136-->src\main\AndroidManifest.xml:141:17-69
136-->src\main\AndroidManifest.xml:141:25-66
137
138                <category android:name="android.intent.category.LAUNCHER" />
138-->src\main\AndroidManifest.xml:142:17-77
138-->src\main\AndroidManifest.xml:142:27-74
139            </intent-filter>
140            <intent-filter android:autoVerify="true" >
140-->src\main\AndroidManifest.xml:145:13-153:29
140-->src\main\AndroidManifest.xml:145:28-53
141                <action android:name="android.intent.action.VIEW" />
141-->src\main\AndroidManifest.xml:146:17-68
141-->src\main\AndroidManifest.xml:146:25-66
142
143                <category android:name="android.intent.category.DEFAULT" />
143-->src\main\AndroidManifest.xml:72:21-80
143-->src\main\AndroidManifest.xml:72:31-77
144                <category android:name="android.intent.category.BROWSABLE" />
144-->src\main\AndroidManifest.xml:148:17-77
144-->src\main\AndroidManifest.xml:148:27-75
145
146                <data
146-->src\main\AndroidManifest.xml:149:17-152:19
147                    android:host="@string/hostName"
147-->src\main\AndroidManifest.xml:150:21-52
148                    android:scheme="https" />
148-->src\main\AndroidManifest.xml:149:23-45
149            </intent-filter>
150        </activity>
151        <activity android:name="com.google.androidbrowserhelper.trusted.FocusActivity" />
151-->src\main\AndroidManifest.xml:160:9-90
151-->src\main\AndroidManifest.xml:160:19-87
152        <activity
152-->src\main\AndroidManifest.xml:162:9-163:62
153            android:name="com.google.androidbrowserhelper.trusted.WebViewFallbackActivity"
153-->src\main\AndroidManifest.xml:162:19-97
154            android:configChanges="orientation|screenSize" />
154-->src\main\AndroidManifest.xml:163:13-59
155
156        <provider
156-->src\main\AndroidManifest.xml:165:9-173:20
157            android:name="androidx.core.content.FileProvider"
157-->src\main\AndroidManifest.xml:166:13-62
158            android:authorities="@string/providerAuthority"
158-->src\main\AndroidManifest.xml:167:13-60
159            android:exported="false"
159-->src\main\AndroidManifest.xml:169:13-37
160            android:grantUriPermissions="true" >
160-->src\main\AndroidManifest.xml:168:13-47
161            <meta-data
161-->src\main\AndroidManifest.xml:170:13-172:53
162                android:name="android.support.FILE_PROVIDER_PATHS"
162-->src\main\AndroidManifest.xml:171:17-67
163                android:resource="@xml/filepaths" />
163-->src\main\AndroidManifest.xml:172:17-50
164        </provider>
165
166        <service
166-->src\main\AndroidManifest.xml:175:9-186:19
167            android:name="com.velo.app.DelegationService"
167-->src\main\AndroidManifest.xml:176:13-46
168            android:enabled="@bool/enableNotification"
168-->src\main\AndroidManifest.xml:177:13-55
169            android:exported="@bool/enableNotification" >
169-->src\main\AndroidManifest.xml:178:13-56
170            <intent-filter>
170-->src\main\AndroidManifest.xml:182:13-185:29
171                <action android:name="android.support.customtabs.trusted.TRUSTED_WEB_ACTIVITY_SERVICE" />
171-->src\main\AndroidManifest.xml:183:17-105
171-->src\main\AndroidManifest.xml:183:25-103
172
173                <category android:name="android.intent.category.DEFAULT" />
173-->src\main\AndroidManifest.xml:72:21-80
173-->src\main\AndroidManifest.xml:72:31-77
174            </intent-filter>
175        </service>
176
177        <activity android:name="com.google.androidbrowserhelper.locationdelegation.PermissionRequestActivity" />
177-->src\main\AndroidManifest.xml:191:13-192:89
177-->src\main\AndroidManifest.xml:191:23-123
178        <activity
178-->[com.google.android.gms:play-services-base:18.1.0] AndroidManifest.xml:20:9-22:45
179            android:name="com.google.android.gms.common.api.GoogleApiActivity"
179-->[com.google.android.gms:play-services-base:18.1.0] AndroidManifest.xml:20:19-85
180            android:exported="false"
180-->[com.google.android.gms:play-services-base:18.1.0] AndroidManifest.xml:22:19-43
181            android:theme="@android:style/Theme.Translucent.NoTitleBar" />
181-->[com.google.android.gms:play-services-base:18.1.0] AndroidManifest.xml:21:19-78
182
183        <meta-data
183-->[com.google.android.gms:play-services-basement:18.1.0] AndroidManifest.xml:21:9-23:69
184            android:name="com.google.android.gms.version"
184-->[com.google.android.gms:play-services-basement:18.1.0] AndroidManifest.xml:22:13-58
185            android:value="@integer/google_play_services_version" />
185-->[com.google.android.gms:play-services-basement:18.1.0] AndroidManifest.xml:23:13-66
186
187        <provider
187-->[androidx.emoji2:emoji2:1.3.0] AndroidManifest.xml:24:9-32:20
188            android:name="androidx.startup.InitializationProvider"
188-->[androidx.emoji2:emoji2:1.3.0] AndroidManifest.xml:25:13-67
189            android:authorities="com.velo.app.androidx-startup"
189-->[androidx.emoji2:emoji2:1.3.0] AndroidManifest.xml:26:13-68
190            android:exported="false" >
190-->[androidx.emoji2:emoji2:1.3.0] AndroidManifest.xml:27:13-37
191            <meta-data
191-->[androidx.emoji2:emoji2:1.3.0] AndroidManifest.xml:29:13-31:52
192                android:name="androidx.emoji2.text.EmojiCompatInitializer"
192-->[androidx.emoji2:emoji2:1.3.0] AndroidManifest.xml:30:17-75
193                android:value="androidx.startup" />
193-->[androidx.emoji2:emoji2:1.3.0] AndroidManifest.xml:31:17-49
194            <meta-data
194-->[androidx.lifecycle:lifecycle-process:2.6.2] AndroidManifest.xml:29:13-31:52
195                android:name="androidx.lifecycle.ProcessLifecycleInitializer"
195-->[androidx.lifecycle:lifecycle-process:2.6.2] AndroidManifest.xml:30:17-78
196                android:value="androidx.startup" />
196-->[androidx.lifecycle:lifecycle-process:2.6.2] AndroidManifest.xml:31:17-49
197            <meta-data
197-->[androidx.profileinstaller:profileinstaller:1.3.1] AndroidManifest.xml:29:13-31:52
198                android:name="androidx.profileinstaller.ProfileInstallerInitializer"
198-->[androidx.profileinstaller:profileinstaller:1.3.1] AndroidManifest.xml:30:17-85
199                android:value="androidx.startup" />
199-->[androidx.profileinstaller:profileinstaller:1.3.1] AndroidManifest.xml:31:17-49
200        </provider>
201
202        <receiver
202-->[androidx.profileinstaller:profileinstaller:1.3.1] AndroidManifest.xml:34:9-52:20
203            android:name="androidx.profileinstaller.ProfileInstallReceiver"
203-->[androidx.profileinstaller:profileinstaller:1.3.1] AndroidManifest.xml:35:13-76
204            android:directBootAware="false"
204-->[androidx.profileinstaller:profileinstaller:1.3.1] AndroidManifest.xml:36:13-44
205            android:enabled="true"
205-->[androidx.profileinstaller:profileinstaller:1.3.1] AndroidManifest.xml:37:13-35
206            android:exported="true"
206-->[androidx.profileinstaller:profileinstaller:1.3.1] AndroidManifest.xml:38:13-36
207            android:permission="android.permission.DUMP" >
207-->[androidx.profileinstaller:profileinstaller:1.3.1] AndroidManifest.xml:39:13-57
208            <intent-filter>
208-->[androidx.profileinstaller:profileinstaller:1.3.1] AndroidManifest.xml:40:13-42:29
209                <action android:name="androidx.profileinstaller.action.INSTALL_PROFILE" />
209-->[androidx.profileinstaller:profileinstaller:1.3.1] AndroidManifest.xml:41:17-91
209-->[androidx.profileinstaller:profileinstaller:1.3.1] AndroidManifest.xml:41:25-88
210            </intent-filter>
211            <intent-filter>
211-->[androidx.profileinstaller:profileinstaller:1.3.1] AndroidManifest.xml:43:13-45:29
212                <action android:name="androidx.profileinstaller.action.SKIP_FILE" />
212-->[androidx.profileinstaller:profileinstaller:1.3.1] AndroidManifest.xml:44:17-85
212-->[androidx.profileinstaller:profileinstaller:1.3.1] AndroidManifest.xml:44:25-82
213            </intent-filter>
214            <intent-filter>
214-->[androidx.profileinstaller:profileinstaller:1.3.1] AndroidManifest.xml:46:13-48:29
215                <action android:name="androidx.profileinstaller.action.SAVE_PROFILE" />
215-->[androidx.profileinstaller:profileinstaller:1.3.1] AndroidManifest.xml:47:17-88
215-->[androidx.profileinstaller:profileinstaller:1.3.1] AndroidManifest.xml:47:25-85
216            </intent-filter>
217            <intent-filter>
217-->[androidx.profileinstaller:profileinstaller:1.3.1] AndroidManifest.xml:49:13-51:29
218                <action android:name="androidx.profileinstaller.action.BENCHMARK_OPERATION" />
218-->[androidx.profileinstaller:profileinstaller:1.3.1] AndroidManifest.xml:50:17-95
218-->[androidx.profileinstaller:profileinstaller:1.3.1] AndroidManifest.xml:50:25-92
219            </intent-filter>
220        </receiver>
221    </application>
222
223</manifest>